<?xml version="1.0" encoding="UTF-8"?>
<!-- Generated by org.testng.reporters.JUnitReportReporter -->
<testsuite hostname="DESKTOP-7SBKKJ1" failures="0" tests="1" name="DEMOAPI_Testing.DBP" time="4.971" errors="0" timestamp="2025-03-03T12:08:13 IST" skipped="0">
  <testcase classname="DEMOAPI_Testing.DBP" name="GetMSPIN" time="4.971"/>
  <system-out/>
</testsuite> <!-- DEMOAPI_Testing.DBP -->
