<?xml version="1.0" encoding="UTF-8"?>
<!-- Generated by org.testng.reporters.JUnitReportReporter -->
<testsuite hostname="DESKTOP-7SBKKJ1" failures="0" tests="3" name="All_Merged_APIs_Cases.SIP_Customer_Interaction" time="1.426" errors="0" timestamp="2025-03-06T12:12:46 IST" skipped="0">
  <testcase classname="All_Merged_APIs_Cases.SIP_Customer_Interaction" name="addCustomerQuery" time="0.540"/>
  <system-out/>
  <testcase classname="All_Merged_APIs_Cases.SIP_Customer_Interaction" name="getQueryCategoryList" time="0.378"/>
  <system-out/>
  <testcase classname="All_Merged_APIs_Cases.SIP_Customer_Interaction" name="getCustomerQueries" time="0.508"/>
  <system-out/>
</testsuite> <!-- All_Merged_APIs_Cases.SIP_Customer_Interaction -->
