<?xml version="1.0" encoding="UTF-8"?>
<!-- Generated by org.testng.reporters.JUnitReportReporter -->
<testsuite hostname="DESKTOP-7SBKKJ1" failures="0" tests="4" name="SIP.Invalid_Captcha" time="2.161" errors="0" timestamp="2025-02-18T17:28:30 IST" skipped="0">
  <testcase classname="SIP.Invalid_Captcha" name="MSPIN" time="1.619"/>
  <system-out/>
  <testcase classname="SIP.Invalid_Captcha" name="SendOTP" time="0.094"/>
  <system-out/>
  <testcase classname="SIP.Invalid_Captcha" name="Captcha" time="0.218"/>
  <system-out/>
  <testcase classname="SIP.Invalid_Captcha" name="VerifyCaptcha" time="0.230"/>
  <system-out/>
</testsuite> <!-- SIP.Invalid_Captcha -->
