<?xml version="1.0" encoding="UTF-8"?>
<!-- Generated by org.testng.reporters.JUnitReportReporter -->
<testsuite hostname="DESKTOP-7SBKKJ1" failures="0" tests="2" name="DEV_APIs.Token_Genrate" time="7.645" errors="0" timestamp="2025-03-06T21:30:18 IST" skipped="0">
  <testcase classname="DEV_APIs.Token_Genrate" name="testInitiateAuth" time="4.981"/>
  <system-out/>
  <testcase classname="DEV_APIs.Token_Genrate" name="testRespondToAuthChallenge" time="2.664"/>
  <system-out/>
</testsuite> <!-- DEV_APIs.Token_Genrate -->
