<?xml version="1.0" encoding="UTF-8"?>
<!-- Generated by org.testng.reporters.JUnitReportReporter -->
<testsuite hostname="DESKTOP-7SBKKJ1" failures="0" tests="1" name="API_automation_SIP.java.Api_TestingDBP" time="1.994" errors="0" timestamp="2025-02-26T16:10:42 IST" skipped="0">
  <testcase classname="API_automation_SIP.java.Api_TestingDBP" name="Gettoken" time="1.994"/>
  <system-out/>
</testsuite> <!-- API_automation_SIP.java.Api_TestingDBP -->
