<?xml version="1.0" encoding="UTF-8"?>
<!-- Generated by org.testng.reporters.JUnitReportReporter -->
<testsuite hostname="DESKTOP-7SBKKJ1" failures="0" tests="1" name="DEMOAPI_Testing.GeneratE_TOKEN" time="0.877" errors="0" timestamp="2025-03-03T12:07:57 IST" skipped="0">
  <testcase classname="DEMOAPI_Testing.GeneratE_TOKEN" name="Gettoken" time="0.877"/>
  <system-out/>
</testsuite> <!-- DEMOAPI_Testing.GeneratE_TOKEN -->
