<?xml version="1.0" encoding="UTF-8"?>
<!-- Generated by org.testng.reporters.JUnitReportReporter -->
<testsuite hostname="DESKTOP-7SBKKJ1" failures="0" tests="1" name="DEV_APIs.BOOKING_Controller_APIs" time="3.923" errors="0" timestamp="2025-03-06T21:30:18 IST" skipped="0">
  <testcase classname="DEV_APIs.BOOKING_Controller_APIs" name="EmployeeDataByMspin" time="3.923"/>
  <system-out/>
</testsuite> <!-- DEV_APIs.BOOKING_Controller_APIs -->
