<?xml version="1.0" encoding="UTF-8"?>
<!-- Generated by org.testng.reporters.JUnitReportReporter -->
<testsuite hostname="DESKTOP-7SBKKJ1" failures="0" tests="1" name="SIP_API_Testing.GENERATE_TOKEN" time="1.877" errors="0" timestamp="2025-03-03T12:40:15 IST" skipped="0">
  <testcase classname="SIP_API_Testing.GENERATE_TOKEN" name="Gettoken" time="1.877"/>
  <system-out/>
</testsuite> <!-- SIP_API_Testing.GENERATE_TOKEN -->
