<?xml version="1.0" encoding="UTF-8"?>
<!-- Generated by org.testng.reporters.JUnitReportReporter -->
<testsuite hostname="DESKTOP-7SBKKJ1" failures="0" tests="1" name="DBP_API_Resting.GeneratE_TOKEN" time="0.635" errors="0" timestamp="2025-03-04T10:05:32 IST" skipped="0">
  <testcase classname="DBP_API_Resting.GeneratE_TOKEN" name="Gettoken" time="0.635"/>
  <system-out/>
</testsuite> <!-- DBP_API_Resting.GeneratE_TOKEN -->
