<?xml version="1.0" encoding="UTF-8"?>
<!-- Generated by org.testng.reporters.JUnitReportReporter -->
<testsuite hostname="DESKTOP-7SBKKJ1" failures="1" tests="15" name="API_automation_SIP.java.Api_TestingPROD" time="11.280" errors="0" timestamp="2025-03-03T14:40:39 IST" skipped="0">
  <testcase classname="API_automation_SIP.java.Api_TestingPROD" name="UserLoginData" time="3.436"/>
  <system-out/>
  <testcase classname="API_automation_SIP.java.Api_TestingPROD" name="UpdateVehicleStatus" time="0.515"/>
  <system-out/>
  <testcase classname="API_automation_SIP.java.Api_TestingPROD" name="UpdateCustomerTAG" time="0.413"/>
  <system-out/>
  <testcase classname="API_automation_SIP.java.Api_TestingPROD" name="Update_CustomerExpected_Date" time="0.403"/>
  <system-out/>
  <testcase classname="API_automation_SIP.java.Api_TestingPROD" name="getSubTabs" time="0.333"/>
  <system-out/>
  <testcase classname="API_automation_SIP.java.Api_TestingPROD" name="getReceiptDetails" time="0.370"/>
  <system-out/>
  <testcase classname="API_automation_SIP.java.Api_TestingPROD" name="getLoanStatus" time="0.607">
    <failure message="Expected status code 200 OK, but received: 500 (Internal Server Error) expected [200] but found [500]" type="java.lang.AssertionError">
      <![CDATA[java.lang.AssertionError: Expected status code 200 OK, but received: 500 (Internal Server Error) expected [200] but found [500]
at org.testng.Assert.fail(Assert.java:99)
at org.testng.Assert.failNotEquals(Assert.java:1037)
at org.testng.Assert.assertEqualsImpl(Assert.java:140)
at org.testng.Assert.assertEquals(Assert.java:122)
at org.testng.Assert.assertEquals(Assert.java:907)
at API_automation_SIP.java.Api_TestingPROD.StatusCode(Api_TestingPROD.java:383)
at API_automation_SIP.java.Api_TestingPROD.getLoanStatus(Api_TestingPROD.java:194)
at java.base/jdk.internal.reflect.DirectMethodHandleAccessor.invoke(DirectMethodHandleAccessor.java:103)
at java.base/java.lang.reflect.Method.invoke(Method.java:580)
at org.testng.internal.MethodInvocationHelper.invokeMethod(MethodInvocationHelper.java:133)
at org.testng.internal.TestInvoker.invokeMethod(TestInvoker.java:598)
at org.testng.internal.TestInvoker.invokeTestMethod(TestInvoker.java:173)
at org.testng.internal.MethodRunner.runInSequence(MethodRunner.java:46)
at org.testng.internal.TestInvoker$MethodInvocationAgent.invoke(TestInvoker.java:824)
at org.testng.internal.TestInvoker.invokeTestMethods(TestInvoker.java:146)
at org.testng.internal.TestMethodWorker.invokeTestMethods(TestMethodWorker.java:146)
at org.testng.internal.TestMethodWorker.run(TestMethodWorker.java:128)
at java.base/java.util.ArrayList.forEach(ArrayList.java:1597)
at org.testng.TestRunner.privateRun(TestRunner.java:794)
at org.testng.TestRunner.run(TestRunner.java:596)
at org.testng.SuiteRunner.runTest(SuiteRunner.java:377)
at org.testng.SuiteRunner.runSequentially(SuiteRunner.java:371)
at org.testng.SuiteRunner.privateRun(SuiteRunner.java:332)
at org.testng.SuiteRunner.run(SuiteRunner.java:276)
at org.testng.SuiteRunnerWorker.runSuite(SuiteRunnerWorker.java:53)
at org.testng.SuiteRunnerWorker.run(SuiteRunnerWorker.java:96)
at org.testng.TestNG.runSuitesSequentially(TestNG.java:1212)
at org.testng.TestNG.runSuitesLocally(TestNG.java:1134)
at org.testng.TestNG.runSuites(TestNG.java:1063)
at org.testng.TestNG.run(TestNG.java:1031)
at org.testng.remote.AbstractRemoteTestNG.run(AbstractRemoteTestNG.java:115)
at org.testng.remote.RemoteTestNG.initAndRun(RemoteTestNG.java:293)
at org.testng.remote.RemoteTestNG.main(RemoteTestNG.java:91)
]]>
    </failure>
  </testcase> <!-- getLoanStatus -->
  <system-out/>
  <testcase classname="API_automation_SIP.java.Api_TestingPROD" name="getDocumentList" time="0.286"/>
  <system-out/>
  <testcase classname="API_automation_SIP.java.Api_TestingPROD" name="getCustomerSVOC" time="0.526"/>
  <system-out/>
  <testcase classname="API_automation_SIP.java.Api_TestingPROD" name="getBookingList" time="0.606"/>
  <system-out/>
  <testcase classname="API_automation_SIP.java.Api_TestingPROD" name="getCustomerTAGList" time="0.301"/>
  <system-out/>
  <testcase classname="API_automation_SIP.java.Api_TestingPROD" name="EmployeeDataByMspin" time="0.505"/>
  <system-out/>
  <testcase classname="API_automation_SIP.java.Api_TestingPROD" name="getCustomerTAG_BookingIdv" time="0.419"/>
  <system-out/>
  <testcase classname="API_automation_SIP.java.Api_TestingPROD" name="getColumnNames" time="0.305"/>
  <system-out/>
  <testcase classname="API_automation_SIP.java.Api_TestingPROD" name="getBooking_Details_BookingIdv" time="2.255"/>
  <system-out/>
</testsuite> <!-- API_automation_SIP.java.Api_TestingPROD -->
