<?xml version="1.0" encoding="UTF-8"?>
<!-- Generated by org.testng.reporters.JUnitReportReporter -->
<testsuite hostname="QA-HIMANSHU-RANJAN" failures="0" tests="20" name="UAT_SIP2.Customer_Query" time="116.189" errors="0" timestamp="2025-04-01T17:05:23 IST" skipped="0">
  <testcase classname="UAT_SIP2.Customer_Query" name="Product_Query_Flow" time="10.157"/>
  <system-out/>
  <testcase classname="UAT_SIP2.Customer_Query" name="Validate_Product_Query" time="1.511"/>
  <system-out/>
  <testcase classname="UAT_SIP2.Customer_Query" name="Payment_Query_Flow" time="10.126"/>
  <system-out/>
  <testcase classname="UAT_SIP2.Customer_Query" name="Validate_Payment_Query" time="1.527"/>
  <system-out/>
  <testcase classname="UAT_SIP2.Customer_Query" name="Extended_Warranty_Payment_Query" time="1.508"/>
  <system-out/>
  <testcase classname="UAT_SIP2.Customer_Query" name="Extended_Warranty_Query_Flow" time="10.256"/>
  <system-out/>
  <testcase classname="UAT_SIP2.Customer_Query" name="Maruti_Insurance_Query_Flow" time="10.187"/>
  <system-out/>
  <testcase classname="UAT_SIP2.Customer_Query" name="Maruti_Insurance_Query" time="1.515"/>
  <system-out/>
  <testcase classname="UAT_SIP2.Customer_Query" name="Loyalty_Card_Query_Flow" time="10.009"/>
  <system-out/>
  <testcase classname="UAT_SIP2.Customer_Query" name="Loyalty_Card_Query" time="1.520"/>
  <system-out/>
  <testcase classname="UAT_SIP2.Customer_Query" name="True_Value_Query_Flow" time="10.090"/>
  <system-out/>
  <testcase classname="UAT_SIP2.Customer_Query" name="True_Value_Query" time="1.504"/>
  <system-out/>
  <testcase classname="UAT_SIP2.Customer_Query" name="Delivery_Query_Flow" time="10.064"/>
  <system-out/>
  <testcase classname="UAT_SIP2.Customer_Query" name="Delivery_Query" time="1.507"/>
  <system-out/>
  <testcase classname="UAT_SIP2.Customer_Query" name="MSGA_Flow" time="10.023"/>
  <system-out/>
  <testcase classname="UAT_SIP2.Customer_Query" name="MSGA_Query" time="1.521"/>
  <system-out/>
  <testcase classname="UAT_SIP2.Customer_Query" name="Booking_Amendment_Flow" time="10.062"/>
  <system-out/>
  <testcase classname="UAT_SIP2.Customer_Query" name="Booking_Amendment_Query" time="1.522"/>
  <system-out/>
  <testcase classname="UAT_SIP2.Customer_Query" name="Others_Flow" time="10.053"/>
  <system-out/>
  <testcase classname="UAT_SIP2.Customer_Query" name="Others_Query" time="1.527"/>
  <system-out/>
</testsuite> <!-- UAT_SIP2.Customer_Query -->
