<?xml version="1.0" encoding="UTF-8"?>
<!-- Generated by org.testng.reporters.JUnitReportReporter -->
<testsuite hostname="DESKTOP-7SBKKJ1" failures="0" tests="2" name="All_Merged_APIs_Cases.demoAPIs" time="2.889" errors="0" timestamp="2025-03-05T12:59:08 IST" skipped="0">
  <testcase classname="All_Merged_APIs_Cases.demoAPIs" name="GetBookingList" time="0.510"/>
  <system-out/>
  <testcase classname="All_Merged_APIs_Cases.demoAPIs" name="GetBookingList" time="2.379"/>
  <system-out/>
</testsuite> <!-- All_Merged_APIs_Cases.demoAPIs -->
