<?xml version="1.0" encoding="UTF-8"?>
<!-- Generated by org.testng.reporters.JUnitReportReporter -->
<testsuite hostname="DESKTOP-7SBKKJ1" failures="0" tests="2" name="UAT_APIs.Token_Genrate" time="6.656" errors="0" timestamp="2025-03-07T10:36:16 IST" skipped="0">
  <testcase classname="UAT_APIs.Token_Genrate" name="testInitiateAuth" time="4.771"/>
  <system-out/>
  <testcase classname="UAT_APIs.Token_Genrate" name="testRespondToAuthChallenge" time="1.885"/>
  <system-out/>
</testsuite> <!-- UAT_APIs.Token_Genrate -->
