<?xml version="1.0" encoding="UTF-8"?>
<!-- Generated by org.testng.reporters.JUnitReportReporter -->
<testsuite hostname="DESKTOP-7SBKKJ1" failures="0" tests="1" name="API_automation_SIP.java.Generate_Token" time="1.888" errors="0" timestamp="2025-03-03T12:02:04 IST" skipped="0">
  <testcase classname="API_automation_SIP.java.Generate_Token" name="Gettoken" time="1.888"/>
  <system-out/>
</testsuite> <!-- API_automation_SIP.java.Generate_Token -->
