<?xml version="1.0" encoding="UTF-8"?>
<!-- Generated by org.testng.reporters.JUnitReportReporter -->
<testsuite hostname="DESKTOP-CHDTIFA" failures="0" tests="2" name="uAT_APIs.TOKEN_Generate" time="6.880" errors="0" timestamp="2025-03-19T11:39:31 IST" skipped="0">
  <testcase classname="uAT_APIs.TOKEN_Generate" name="Generate_Session" time="4.282"/>
  <system-out/>
  <testcase classname="uAT_APIs.TOKEN_Generate" name="GenerateToken" time="2.598"/>
  <system-out/>
</testsuite> <!-- uAT_APIs.TOKEN_Generate -->
