<?xml version="1.0" encoding="UTF-8"?>
<!-- Generated by org.testng.reporters.JUnitReportReporter -->
<testsuite hostname="DESKTOP-CHDTIFA" failures="0" tests="5" name="uAT_APIs.Reports_ControllerAPIs" time="3.889" errors="0" timestamp="2025-03-19T11:39:31 IST" skipped="0">
  <testcase classname="uAT_APIs.Reports_ControllerAPIs" name="ZoneWiseReport" time="0.917"/>
  <system-out/>
  <testcase classname="uAT_APIs.Reports_ControllerAPIs" name="getParentWiseReport" time="0.917"/>
  <system-out/>
  <testcase classname="uAT_APIs.Reports_ControllerAPIs" name="GetOutlet" time="0.403"/>
  <system-out/>
  <testcase classname="uAT_APIs.Reports_ControllerAPIs" name="GetOutletWise_Report" time="0.919"/>
  <system-out/>
  <testcase classname="uAT_APIs.Reports_ControllerAPIs" name="GetDayWise_Report" time="0.733"/>
  <system-out/>
</testsuite> <!-- uAT_APIs.Reports_ControllerAPIs -->
