<?xml version="1.0" encoding="UTF-8"?>
<!-- Generated by org.testng.reporters.JUnitReportReporter -->
<testsuite hostname="DESKTOP-7SBKKJ1" failures="1" tests="6" name="SIP.Tentative_Waiting_and_Final_Delivery_Date" time="22.000" errors="0" timestamp="2025-02-18T17:28:30 IST" skipped="0">
  <testcase classname="SIP.Tentative_Waiting_and_Final_Delivery_Date" name="Dealer_User_Login1" time="2.276"/>
  <system-out/>
  <testcase classname="SIP.Tentative_Waiting_and_Final_Delivery_Date" name="Click_On_SIP" time="4.306"/>
  <system-out/>
  <testcase classname="SIP.Tentative_Waiting_and_Final_Delivery_Date" name="Click_On_Additional_Fillter_To_Clear_Data" time="5.471"/>
  <system-out/>
  <testcase classname="SIP.Tentative_Waiting_and_Final_Delivery_Date" name="Click_Customer" time="5.817"/>
  <system-out/>
  <testcase classname="SIP.Tentative_Waiting_and_Final_Delivery_Date" name="Tentative_Waiting_Period_Difference" time="0.092"/>
  <system-out/>
  <testcase classname="SIP.Tentative_Waiting_and_Final_Delivery_Date" name="Edit_Final_Delivery_Date" time="4.038">
    <failure message="(Pending Booking),Final delivery date has not been Edited expected [04-01-2025] but found [27-01-2025]" type="java.lang.AssertionError">
      <![CDATA[java.lang.AssertionError: (Pending Booking),Final delivery date has not been Edited expected [04-01-2025] but found [27-01-2025]
at org.testng.Assert.fail(Assert.java:99)
at org.testng.Assert.failNotEquals(Assert.java:1037)
at org.testng.Assert.assertEqualsImpl(Assert.java:140)
at org.testng.Assert.assertEquals(Assert.java:122)
at org.testng.Assert.assertEquals(Assert.java:629)
at SIP.Tentative_Waiting_and_Final_Delivery_Date.Edit_Final_Delivery_Date(Tentative_Waiting_and_Final_Delivery_Date.java:167)
at java.base/jdk.internal.reflect.DirectMethodHandleAccessor.invoke(DirectMethodHandleAccessor.java:103)
at java.base/java.lang.reflect.Method.invoke(Method.java:580)
at org.testng.internal.MethodInvocationHelper.invokeMethod(MethodInvocationHelper.java:133)
at org.testng.internal.TestInvoker.invokeMethod(TestInvoker.java:598)
at org.testng.internal.TestInvoker.invokeTestMethod(TestInvoker.java:173)
at org.testng.internal.MethodRunner.runInSequence(MethodRunner.java:46)
at org.testng.internal.TestInvoker$MethodInvocationAgent.invoke(TestInvoker.java:824)
at org.testng.internal.TestInvoker.invokeTestMethods(TestInvoker.java:146)
at org.testng.internal.TestMethodWorker.invokeTestMethods(TestMethodWorker.java:146)
at org.testng.internal.TestMethodWorker.run(TestMethodWorker.java:128)
at java.base/java.util.ArrayList.forEach(ArrayList.java:1597)
at org.testng.TestRunner.privateRun(TestRunner.java:794)
at org.testng.TestRunner.run(TestRunner.java:596)
at org.testng.SuiteRunner.runTest(SuiteRunner.java:377)
at org.testng.SuiteRunner.runSequentially(SuiteRunner.java:371)
at org.testng.SuiteRunner.privateRun(SuiteRunner.java:332)
at org.testng.SuiteRunner.run(SuiteRunner.java:276)
at org.testng.SuiteRunnerWorker.runSuite(SuiteRunnerWorker.java:53)
at org.testng.SuiteRunnerWorker.run(SuiteRunnerWorker.java:96)
at org.testng.TestNG.runSuitesSequentially(TestNG.java:1212)
at org.testng.TestNG.runSuitesLocally(TestNG.java:1134)
at org.testng.TestNG.runSuites(TestNG.java:1063)
at org.testng.TestNG.run(TestNG.java:1031)
at org.testng.remote.AbstractRemoteTestNG.run(AbstractRemoteTestNG.java:115)
at org.testng.remote.RemoteTestNG.initAndRun(RemoteTestNG.java:293)
at org.testng.remote.RemoteTestNG.main(RemoteTestNG.java:91)
]]>
    </failure>
  </testcase> <!-- Edit_Final_Delivery_Date -->
  <system-out/>
</testsuite> <!-- SIP.Tentative_Waiting_and_Final_Delivery_Date -->
