<?xml version="1.0" encoding="UTF-8"?>
<!-- Generated by org.testng.reporters.JUnitReportReporter -->
<testsuite hostname="DESKTOP-7SBKKJ1" failures="0" tests="1" name="DEV_APIs.Reports_ControllerAPIs" time="3.635" errors="0" timestamp="2025-03-06T11:48:44 IST" skipped="0">
  <testcase classname="DEV_APIs.Reports_ControllerAPIs" name="EmployeeDataByMspin" time="3.635"/>
  <system-out/>
</testsuite> <!-- DEV_APIs.Reports_ControllerAPIs -->
