<?xml version="1.0" encoding="UTF-8"?>
<!-- Generated by org.testng.reporters.JUnitReportReporter -->
<testsuite hostname="QA-HIMANSHU-RANJAN" failures="0" tests="5" name="UAT_SIP2.Customer_Tag" time="19.278" errors="0" timestamp="2025-04-01T17:05:23 IST" skipped="0">
  <testcase classname="UAT_SIP2.Customer_Tag" name="Verify_VIP" time="4.287"/>
  <system-out/>
  <testcase classname="UAT_SIP2.Customer_Tag" name="Verify_Marriage" time="4.252"/>
  <system-out/>
  <testcase classname="UAT_SIP2.Customer_Tag" name="Verify_Birthday" time="3.732"/>
  <system-out/>
  <testcase classname="UAT_SIP2.Customer_Tag" name="Verify_Anniversary" time="4.257"/>
  <system-out/>
  <testcase classname="UAT_SIP2.Customer_Tag" name="Verify_Other" time="2.750"/>
  <system-out/>
</testsuite> <!-- UAT_SIP2.Customer_Tag -->
