<?xml version="1.0" encoding="UTF-8"?>
<!-- Generated by org.testng.reporters.JUnitReportReporter -->
<testsuite hostname="DESKTOP-7SBKKJ1" failures="0" tests="1" name="Implement_Class.LoginPAGE" time="0.248" errors="0" timestamp="2025-02-24T16:53:46 IST" skipped="0">
  <testcase classname="Implement_Class.LoginPAGE" name="Dealer_User_Login1" time="0.248"/>
  <system-out/>
</testsuite> <!-- Implement_Class.LoginPAGE -->
