<?xml version="1.0" encoding="UTF-8"?>
<!-- Generated by org.testng.reporters.JUnitReportReporter -->
<testsuite hostname="DESKTOP-CHDTIFA" failures="0" tests="6" name="uAT_APIs.SIP_Customer_Interaction" time="2.746" errors="0" timestamp="2025-03-19T11:39:31 IST" skipped="0">
  <testcase classname="uAT_APIs.SIP_Customer_Interaction" name="addCustomerQuery" time="0.510"/>
  <system-out/>
  <testcase classname="uAT_APIs.SIP_Customer_Interaction" name="getQueryCategoryList" time="0.524"/>
  <system-out/>
  <testcase classname="uAT_APIs.SIP_Customer_Interaction" name="getLatestDispositionById" time="0.493"/>
  <system-out/>
  <testcase classname="uAT_APIs.SIP_Customer_Interaction" name="getCustomerQueries" time="0.366"/>
  <system-out/>
  <testcase classname="uAT_APIs.SIP_Customer_Interaction" name="getAll_Dispostion_By_Id" time="0.419"/>
  <system-out/>
  <testcase classname="uAT_APIs.SIP_Customer_Interaction" name="getVehicleImages" time="0.434"/>
  <system-out/>
</testsuite> <!-- uAT_APIs.SIP_Customer_Interaction -->
