<?xml version="1.0" encoding="UTF-8"?>
<!-- Generated by org.testng.reporters.JUnitReportReporter -->
<testsuite hostname="DESKTOP-7SBKKJ1" failures="0" tests="8" name="SIP.Login_Valid_MSPIN" time="5.945" errors="0" timestamp="2025-02-18T17:28:30 IST" skipped="0">
  <testcase classname="SIP.Login_Valid_MSPIN" name="Captcha" time="0.372"/>
  <system-out/>
  <testcase classname="SIP.Login_Valid_MSPIN" name="TestMSPIN" time="0.081"/>
  <system-out/>
  <testcase classname="SIP.Login_Valid_MSPIN" name="click_On_Login" time="3.399"/>
  <system-out/>
  <testcase classname="SIP.Login_Valid_MSPIN" name="OTP" time="0.979"/>
  <system-out/>
  <testcase classname="SIP.Login_Valid_MSPIN" name="SendOTP" time="0.126"/>
  <system-out/>
  <testcase classname="SIP.Login_Valid_MSPIN" name="VerifyCaptcha" time="0.100"/>
  <system-out/>
  <testcase classname="SIP.Login_Valid_MSPIN" name="MSPIN" time="0.110"/>
  <system-out/>
  <testcase classname="SIP.Login_Valid_MSPIN" name="Click_On_SIP" time="0.778"/>
  <system-out/>
</testsuite> <!-- SIP.Login_Valid_MSPIN -->
