<?xml version="1.0" encoding="UTF-8"?>
<!-- Generated by org.testng.reporters.JUnitReportReporter -->
<testsuite hostname="DESKTOP-7SBKKJ1" failures="0" tests="3" name="DEMOAPI_Testing.Api_Testin" time="4.608" errors="0" timestamp="2025-02-27T18:01:20 IST" skipped="0">
  <testcase classname="DEMOAPI_Testing.Api_Testin" name="EmployeeDataByMspin" time="3.510"/>
  <system-out/>
  <testcase classname="DEMOAPI_Testing.Api_Testin" name="getColumnNames" time="0.589"/>
  <system-out/>
  <testcase classname="DEMOAPI_Testing.Api_Testin" name="getCustomerTAGList" time="0.509"/>
  <system-out/>
</testsuite> <!-- DEMOAPI_Testing.Api_Testin -->
