<?xml version="1.0" encoding="UTF-8"?>
<!-- Generated by org.testng.reporters.JUnitReportReporter -->
<testsuite hostname="DESKTOP-7SBKKJ1" failures="0" tests="3" name="PROD_APIs.SIP_Customer_Interaction" time="1.425" errors="0" timestamp="2025-03-07T10:01:18 IST" skipped="0">
  <testcase classname="PROD_APIs.SIP_Customer_Interaction" name="addCustomerQuery" time="0.548"/>
  <system-out/>
  <testcase classname="PROD_APIs.SIP_Customer_Interaction" name="getQueryCategoryList" time="0.339"/>
  <system-out/>
  <testcase classname="PROD_APIs.SIP_Customer_Interaction" name="getCustomerQueries" time="0.538"/>
  <system-out/>
</testsuite> <!-- PROD_APIs.SIP_Customer_Interaction -->
