<?xml version="1.0" encoding="UTF-8"?>
<!-- Generated by org.testng.reporters.JUnitReportReporter -->
<testsuite hostname="DESKTOP-7SBKKJ1" failures="0" tests="1" name="DBP_API_Resting.DBP" time="4.928" errors="0" timestamp="2025-03-04T11:27:26 IST" skipped="0">
  <testcase classname="DBP_API_Resting.DBP" name="GetMSPIN" time="4.928"/>
  <system-out/>
</testsuite> <!-- DBP_API_Resting.DBP -->
